[0.020s] Invoking command in '/home/phamthanhbien/colcon_ws/src/build/orbslam3': CMAKE_PREFIX_PATH=${CMAKE_PREFIX_PATH}:/home/phamthanhbien/ros2_demo_ws/install/python_pkg:/home/phamthanhbien/ardu_ws/install/ardupilot_cartographer:/home/phamthanhbien/ardu_ws/install/ardupilot_dds_tests:/home/phamthanhbien/devrobot_ws/install/serial_motor_demo:/home/phamthanhbien/ros2_ws/install/my_py_pkg:/opt/ros/humble /opt/cmake/bin/cmake /home/phamthanhbien/colcon_ws/src/orbslam3_ros2 -DCMAKE_BUILD_TYPE=Release -DCMAKE_CXX_FLAGS=-O2 -g0 -DAMENT_CMAKE_SYMLINK_INSTALL=1 -DCMAKE_INSTALL_PREFIX=/home/phamthanhbien/colcon_ws/src/install/orbslam3
[0.275s] -- The C compiler identification is GNU 11.4.0
[0.560s] -- The CXX compiler identification is GNU 11.4.0
[0.589s] -- Detecting C compiler ABI info
[0.671s] -- Detecting C compiler ABI info - done
[0.682s] -- Check for working C compiler: /usr/lib/ccache/cc - skipped
[0.683s] -- Detecting C compile features
[0.683s] -- Detecting C compile features - done
[0.687s] -- Detecting CXX compiler ABI info
[0.826s] -- Detecting CXX compiler ABI info - done
[0.855s] -- Check for working CXX compiler: /usr/lib/ccache/c++ - skipped
[0.856s] -- Detecting CXX compile features
[0.858s] -- Detecting CXX compile features - done
[0.876s] -- Found ament_cmake: 1.3.11 (/opt/ros/humble/share/ament_cmake/cmake)
[1.063s] -- Found Python3: /usr/bin/python3 (found version "3.10.12") found components: Interpreter 
[1.154s] -- Override CMake install command with custom implementation using symlinks instead of copying resources
[1.292s] -- Found rclcpp: 16.0.12 (/opt/ros/humble/share/rclcpp/cmake)
[1.406s] -- Found rosidl_generator_c: 3.1.6 (/opt/ros/humble/share/rosidl_generator_c/cmake)
[1.424s] -- Found rosidl_adapter: 3.1.6 (/opt/ros/humble/share/rosidl_adapter/cmake)
[1.445s] -- Found rosidl_generator_cpp: 3.1.6 (/opt/ros/humble/share/rosidl_generator_cpp/cmake)
[1.478s] -- Using all available rosidl_typesupport_c: rosidl_typesupport_fastrtps_c;rosidl_typesupport_introspection_c
[1.518s] -- Using all available rosidl_typesupport_cpp: rosidl_typesupport_fastrtps_cpp;rosidl_typesupport_introspection_cpp
[1.643s] -- Found rmw_implementation_cmake: 6.1.2 (/opt/ros/humble/share/rmw_implementation_cmake/cmake)
[1.653s] -- Found rmw_cyclonedds_cpp: 1.3.4 (/opt/ros/humble/share/rmw_cyclonedds_cpp/cmake)
[1.716s] -- Using RMW implementation 'rmw_cyclonedds_cpp' as default
[1.744s] -- Performing Test CMAKE_HAVE_LIBC_PTHREAD
[1.877s] -- Performing Test CMAKE_HAVE_LIBC_PTHREAD - Success
[1.878s] -- Found Threads: TRUE  
[1.979s] -- Found sensor_msgs: 4.8.0 (/opt/ros/humble/share/sensor_msgs/cmake)
[2.033s] -- Found cv_bridge: 3.2.1 (/opt/ros/humble/share/cv_bridge/cmake)
[2.060s] -- Found message_filters: 4.3.6 (/opt/ros/humble/share/message_filters/cmake)
[2.113s] -- Found OpenGL: /usr/lib/x86_64-linux-gnu/libOpenGL.so  found components: OpenGL 
[2.130s] [31mCMake Error at /opt/cmake/share/cmake-3.24/Modules/FindPackageHandleStandardArgs.cmake:230 (message):
[2.130s]   Could NOT find ORB_SLAM3 (missing: ORB_SLAM3_LIBRARY ORB_SLAM3_INCLUDE_DIR
[2.130s]   DBoW2_INCLUDE_DIR DBoW2_LIBRARY g2o_LIBRARY)
[2.131s] Call Stack (most recent call first):
[2.131s]   /opt/cmake/share/cmake-3.24/Modules/FindPackageHandleStandardArgs.cmake:594 (_FPHSA_FAILURE_MESSAGE)
[2.131s]   CMakeModules/FindORB_SLAM3.cmake:37 (find_package_handle_standard_args)
[2.131s]   CMakeLists.txt:25 (find_package)
[2.131s] 
[2.132s] [0m
[2.132s] -- Configuring incomplete, errors occurred!
[2.132s] See also "/home/phamthanhbien/colcon_ws/src/build/orbslam3/CMakeFiles/CMakeOutput.log".
[2.144s] Invoked command in '/home/phamthanhbien/colcon_ws/src/build/orbslam3' returned '1': CMAKE_PREFIX_PATH=${CMAKE_PREFIX_PATH}:/home/phamthanhbien/ros2_demo_ws/install/python_pkg:/home/phamthanhbien/ardu_ws/install/ardupilot_cartographer:/home/phamthanhbien/ardu_ws/install/ardupilot_dds_tests:/home/phamthanhbien/devrobot_ws/install/serial_motor_demo:/home/phamthanhbien/ros2_ws/install/my_py_pkg:/opt/ros/humble /opt/cmake/bin/cmake /home/phamthanhbien/colcon_ws/src/orbslam3_ros2 -DCMAKE_BUILD_TYPE=Release -DCMAKE_CXX_FLAGS=-O2 -g0 -DAMENT_CMAKE_SYMLINK_INSTALL=1 -DCMAKE_INSTALL_PREFIX=/home/phamthanhbien/colcon_ws/src/install/orbslam3
